[WARN ] 07-10 16:30:31:811 [main] CM.java:541: excel convert to bean..
[ERROR] 07-10 16:30:32:840 [main] JedisUtil.java:312: Redis Error->key[Local_Config_v6_Config~/x3_plan/游戏配置文档\Global.xlsx],stack[redis.clients.jedis.exceptions.JedisConnectionException: Could not get a resource from the pool]
[ERROR] 07-10 16:30:32:842 [main] CM.java:521: 配置文件不存在~/x3_plan/游戏配置文档\Global.xlsx
[ERROR] 07-10 16:30:33:854 [main] JedisUtil.java:215: Redis Error->key[Local_Config_v6_Config~/x3_plan/游戏配置文档\Global.xlsx],stack[redis.clients.jedis.exceptions.JedisConnectionException: Could not get a resource from the pool]
[ERROR] 07-10 16:30:33:854 [main] CM.java:559: 配置文件不存在Global-Config
[ERROR] 07-10 16:30:34:855 [main] JedisUtil.java:312: Redis Error->key[Local_Config_v6_Equi~/x3_plan/游戏配置文档\Equi.xlsx],stack[redis.clients.jedis.exceptions.JedisConnectionException: Could not get a resource from the pool]
[ERROR] 07-10 16:30:34:855 [main] CM.java:521: 配置文件不存在~/x3_plan/游戏配置文档\Equi.xlsx
[ERROR] 07-10 16:30:35:854 [main] JedisUtil.java:215: Redis Error->key[Local_Config_v6_Equi~/x3_plan/游戏配置文档\Equi.xlsx],stack[redis.clients.jedis.exceptions.JedisConnectionException: Could not get a resource from the pool]
[ERROR] 07-10 16:30:35:854 [main] CM.java:559: 配置文件不存在Equi-Equi
[ERROR] 07-10 16:30:36:855 [main] JedisUtil.java:312: Redis Error->key[Local_Config_v6_UpLv~/x3_plan/游戏配置文档\Equi.xlsx],stack[redis.clients.jedis.exceptions.JedisConnectionException: Could not get a resource from the pool]
[ERROR] 07-10 16:30:37:866 [main] JedisUtil.java:215: Redis Error->key[Local_Config_v6_UpLv~/x3_plan/游戏配置文档\Equi.xlsx],stack[redis.clients.jedis.exceptions.JedisConnectionException: Could not get a resource from the pool]
[ERROR] 07-10 16:30:37:866 [main] CM.java:559: 配置文件不存在Equi-UpLv
[ERROR] 07-10 16:30:38:877 [main] JedisUtil.java:312: Redis Error->key[Local_Config_v6_UpStrLv~/x3_plan/游戏配置文档\Equi.xlsx],stack[redis.clients.jedis.exceptions.JedisConnectionException: Could not get a resource from the pool]
[ERROR] 07-10 16:30:39:887 [main] JedisUtil.java:215: Redis Error->key[Local_Config_v6_UpStrLv~/x3_plan/游戏配置文档\Equi.xlsx],stack[redis.clients.jedis.exceptions.JedisConnectionException: Could not get a resource from the pool]
[ERROR] 07-10 16:30:39:887 [main] CM.java:559: 配置文件不存在Equi-UpStrLv
[ERROR] 07-10 16:30:40:899 [main] JedisUtil.java:312: Redis Error->key[Local_Config_v6_UpQuality~/x3_plan/游戏配置文档\Equi.xlsx],stack[redis.clients.jedis.exceptions.JedisConnectionException: Could not get a resource from the pool]
[ERROR] 07-10 16:30:41:900 [main] JedisUtil.java:215: Redis Error->key[Local_Config_v6_UpQuality~/x3_plan/游戏配置文档\Equi.xlsx],stack[redis.clients.jedis.exceptions.JedisConnectionException: Could not get a resource from the pool]
[ERROR] 07-10 16:30:41:901 [main] CM.java:559: 配置文件不存在Equi-UpQuality
[ERROR] 07-10 16:30:42:912 [main] JedisUtil.java:312: Redis Error->key[Local_Config_v6_ClothesQua~/x3_plan/游戏配置文档\Equi.xlsx],stack[redis.clients.jedis.exceptions.JedisConnectionException: Could not get a resource from the pool]
[ERROR] 07-10 16:30:43:912 [main] JedisUtil.java:215: Redis Error->key[Local_Config_v6_ClothesQua~/x3_plan/游戏配置文档\Equi.xlsx],stack[redis.clients.jedis.exceptions.JedisConnectionException: Could not get a resource from the pool]
[ERROR] 07-10 16:30:43:912 [main] CM.java:559: 配置文件不存在Equi-ClothesQua
[ERROR] 07-10 16:30:44:923 [main] JedisUtil.java:312: Redis Error->key[Local_Config_v6_Refresh~/x3_plan/游戏配置文档\Equi.xlsx],stack[redis.clients.jedis.exceptions.JedisConnectionException: Could not get a resource from the pool]
[ERROR] 07-10 16:30:45:923 [main] JedisUtil.java:215: Redis Error->key[Local_Config_v6_Refresh~/x3_plan/游戏配置文档\Equi.xlsx],stack[redis.clients.jedis.exceptions.JedisConnectionException: Could not get a resource from the pool]
[ERROR] 07-10 16:30:45:923 [main] CM.java:559: 配置文件不存在Equi-Refresh
[ERROR] 07-10 16:30:46:924 [main] JedisUtil.java:312: Redis Error->key[Local_Config_v6_Lv~/x3_plan/游戏配置文档\LogoPlayer.xlsx],stack[redis.clients.jedis.exceptions.JedisConnectionException: Could not get a resource from the pool]
[ERROR] 07-10 16:30:46:924 [main] CM.java:521: 配置文件不存在~/x3_plan/游戏配置文档\LogoPlayer.xlsx
[ERROR] 07-10 16:30:47:925 [main] JedisUtil.java:215: Redis Error->key[Local_Config_v6_Lv~/x3_plan/游戏配置文档\LogoPlayer.xlsx],stack[redis.clients.jedis.exceptions.JedisConnectionException: Could not get a resource from the pool]
[ERROR] 07-10 16:30:47:925 [main] CM.java:559: 配置文件不存在LogoPlayer-Lv
[ERROR] 07-10 16:30:48:936 [main] JedisUtil.java:312: Redis Error->key[Local_Config_v6_Quality~/x3_plan/游戏配置文档\LogoPlayer.xlsx],stack[redis.clients.jedis.exceptions.JedisConnectionException: Could not get a resource from the pool]
[ERROR] 07-10 16:30:49:946 [main] JedisUtil.java:215: Redis Error->key[Local_Config_v6_Quality~/x3_plan/游戏配置文档\LogoPlayer.xlsx],stack[redis.clients.jedis.exceptions.JedisConnectionException: Could not get a resource from the pool]
[ERROR] 07-10 16:30:49:946 [main] CM.java:559: 配置文件不存在LogoPlayer-Quality
[ERROR] 07-10 16:30:50:945 [main] JedisUtil.java:312: Redis Error->key[Local_Config_v6_Player~/x3_plan/游戏配置文档\LogoPlayer.xlsx],stack[redis.clients.jedis.exceptions.JedisConnectionException: Could not get a resource from the pool]
[ERROR] 07-10 16:30:51:956 [main] JedisUtil.java:215: Redis Error->key[Local_Config_v6_Player~/x3_plan/游戏配置文档\LogoPlayer.xlsx],stack[redis.clients.jedis.exceptions.JedisConnectionException: Could not get a resource from the pool]
[ERROR] 07-10 16:30:51:956 [main] CM.java:559: 配置文件不存在LogoPlayer-Player
[ERROR] 07-10 16:30:52:956 [main] JedisUtil.java:312: Redis Error->key[Local_Config_v6_CardGroup~/x3_plan/游戏配置文档\PlayerCollect.xlsx],stack[redis.clients.jedis.exceptions.JedisConnectionException: Could not get a resource from the pool]
[ERROR] 07-10 16:30:52:957 [main] CM.java:521: 配置文件不存在~/x3_plan/游戏配置文档\PlayerCollect.xlsx
[ERROR] 07-10 16:30:53:967 [main] JedisUtil.java:215: Redis Error->key[Local_Config_v6_CardGroup~/x3_plan/游戏配置文档\PlayerCollect.xlsx],stack[redis.clients.jedis.exceptions.JedisConnectionException: Could not get a resource from the pool]
[ERROR] 07-10 16:30:53:967 [main] CM.java:559: 配置文件不存在PlayerCollect-CardGroup
[ERROR] 07-10 16:30:54:978 [main] JedisUtil.java:312: Redis Error->key[Local_Config_v6_Composite~/x3_plan/游戏配置文档\PlayerCollect.xlsx],stack[redis.clients.jedis.exceptions.JedisConnectionException: Could not get a resource from the pool]
[ERROR] 07-10 16:30:55:988 [main] JedisUtil.java:215: Redis Error->key[Local_Config_v6_Composite~/x3_plan/游戏配置文档\PlayerCollect.xlsx],stack[redis.clients.jedis.exceptions.JedisConnectionException: Could not get a resource from the pool]
[ERROR] 07-10 16:30:55:988 [main] CM.java:559: 配置文件不存在PlayerCollect-Composite
[ERROR] 07-10 16:30:56:999 [main] JedisUtil.java:312: Redis Error->key[Local_Config_v6_StarLvExp~/x3_plan/游戏配置文档\PlayerCollect.xlsx],stack[redis.clients.jedis.exceptions.JedisConnectionException: Could not get a resource from the pool]
[ERROR] 07-10 16:30:58:018 [main] JedisUtil.java:215: Redis Error->key[Local_Config_v6_StarLvExp~/x3_plan/游戏配置文档\PlayerCollect.xlsx],stack[redis.clients.jedis.exceptions.JedisConnectionException: Could not get a resource from the pool]
[ERROR] 07-10 16:30:58:018 [main] CM.java:559: 配置文件不存在PlayerCollect-StarLvExp
[ERROR] 07-10 16:30:59:029 [main] JedisUtil.java:312: Redis Error->key[Local_Config_v6_CardPlayerGradeCap~/x3_plan/游戏配置文档\PlayerCollect.xlsx],stack[redis.clients.jedis.exceptions.JedisConnectionException: Could not get a resource from the pool]
[ERROR] 07-10 16:31:00:040 [main] JedisUtil.java:215: Redis Error->key[Local_Config_v6_CardPlayerGradeCap~/x3_plan/游戏配置文档\PlayerCollect.xlsx],stack[redis.clients.jedis.exceptions.JedisConnectionException: Could not get a resource from the pool]
[ERROR] 07-10 16:31:00:041 [main] CM.java:559: 配置文件不存在PlayerCollect-CardPlayerGradeCap
[ERROR] 07-10 16:31:01:041 [main] JedisUtil.java:312: Redis Error->key[Local_Config_v6_GameNpc~/x3_plan/游戏配置文档\GameNPC.xlsx],stack[redis.clients.jedis.exceptions.JedisConnectionException: Could not get a resource from the pool]
[ERROR] 07-10 16:31:01:041 [main] CM.java:521: 配置文件不存在~/x3_plan/游戏配置文档\GameNPC.xlsx
[ERROR] 07-10 16:31:02:052 [main] JedisUtil.java:215: Redis Error->key[Local_Config_v6_GameNpc~/x3_plan/游戏配置文档\GameNPC.xlsx],stack[redis.clients.jedis.exceptions.JedisConnectionException: Could not get a resource from the pool]
[ERROR] 07-10 16:31:02:052 [main] CM.java:559: 配置文件不存在GameNPC-GameNpc
[ERROR] 07-10 16:31:03:053 [main] JedisUtil.java:312: Redis Error->key[Local_Config_v6_Mirrors~/x3_plan/游戏配置文档\GameNPC.xlsx],stack[redis.clients.jedis.exceptions.JedisConnectionException: Could not get a resource from the pool]
[ERROR] 07-10 16:31:04:061 [main] JedisUtil.java:215: Redis Error->key[Local_Config_v6_Mirrors~/x3_plan/游戏配置文档\GameNPC.xlsx],stack[redis.clients.jedis.exceptions.JedisConnectionException: Could not get a resource from the pool]
[ERROR] 07-10 16:31:04:061 [main] CM.java:559: 配置文件不存在GameNPC-Mirrors
[ERROR] 07-10 16:31:05:072 [main] JedisUtil.java:312: Redis Error->key[Local_Config_v6_ItemDrops~/x3_plan/游戏配置文档\Drop.xlsx],stack[redis.clients.jedis.exceptions.JedisConnectionException: Could not get a resource from the pool]
[ERROR] 07-10 16:31:05:073 [main] CM.java:521: 配置文件不存在~/x3_plan/游戏配置文档\Drop.xlsx
[ERROR] 07-10 16:31:06:083 [main] JedisUtil.java:215: Redis Error->key[Local_Config_v6_ItemDrops~/x3_plan/游戏配置文档\Drop.xlsx],stack[redis.clients.jedis.exceptions.JedisConnectionException: Could not get a resource from the pool]
[ERROR] 07-10 16:31:06:083 [main] CM.java:559: 配置文件不存在Drop-ItemDrops
[ERROR] 07-10 16:31:07:094 [main] JedisUtil.java:312: Redis Error->key[Local_Config_v6_Main~/x3_plan/游戏配置文档\MainSchedule.xlsx],stack[redis.clients.jedis.exceptions.JedisConnectionException: Could not get a resource from the pool]
[ERROR] 07-10 16:31:07:094 [main] CM.java:521: 配置文件不存在~/x3_plan/游戏配置文档\MainSchedule.xlsx
[ERROR] 07-10 16:31:08:108 [main] JedisUtil.java:215: Redis Error->key[Local_Config_v6_Main~/x3_plan/游戏配置文档\MainSchedule.xlsx],stack[redis.clients.jedis.exceptions.JedisConnectionException: Could not get a resource from the pool]
[ERROR] 07-10 16:31:08:109 [main] CM.java:559: 配置文件不存在MainSchedule-Main
[ERROR] 07-10 16:31:09:120 [main] JedisUtil.java:312: Redis Error->key[Local_Config_v6_Exp~/x3_plan/游戏配置文档\Upgrade.xlsx],stack[redis.clients.jedis.exceptions.JedisConnectionException: Could not get a resource from the pool]
[ERROR] 07-10 16:31:09:120 [main] CM.java:521: 配置文件不存在~/x3_plan/游戏配置文档\Upgrade.xlsx
[ERROR] 07-10 16:31:10:123 [main] JedisUtil.java:215: Redis Error->key[Local_Config_v6_Exp~/x3_plan/游戏配置文档\Upgrade.xlsx],stack[redis.clients.jedis.exceptions.JedisConnectionException: Could not get a resource from the pool]
[ERROR] 07-10 16:31:10:123 [main] CM.java:559: 配置文件不存在Upgrade-Exp
[ERROR] 07-10 16:31:11:134 [main] JedisUtil.java:312: Redis Error->key[Local_Config_v6_Num~/x3_plan/游戏配置文档\Team.xlsx],stack[redis.clients.jedis.exceptions.JedisConnectionException: Could not get a resource from the pool]
[ERROR] 07-10 16:31:11:135 [main] CM.java:521: 配置文件不存在~/x3_plan/游戏配置文档\Team.xlsx
[ERROR] 07-10 16:31:12:135 [main] JedisUtil.java:215: Redis Error->key[Local_Config_v6_Num~/x3_plan/游戏配置文档\Team.xlsx],stack[redis.clients.jedis.exceptions.JedisConnectionException: Could not get a resource from the pool]
[ERROR] 07-10 16:31:12:135 [main] CM.java:559: 配置文件不存在Team-Num
[ERROR] 07-10 16:31:13:146 [main] JedisUtil.java:312: Redis Error->key[Local_Config_v6_Items~/x3_plan/游戏配置文档\Items.xlsx],stack[redis.clients.jedis.exceptions.JedisConnectionException: Could not get a resource from the pool]
[ERROR] 07-10 16:31:13:146 [main] CM.java:521: 配置文件不存在~/x3_plan/游戏配置文档\Items.xlsx
[ERROR] 07-10 16:31:14:160 [main] JedisUtil.java:215: Redis Error->key[Local_Config_v6_Items~/x3_plan/游戏配置文档\Items.xlsx],stack[redis.clients.jedis.exceptions.JedisConnectionException: Could not get a resource from the pool]
[ERROR] 07-10 16:31:14:160 [main] CM.java:559: 配置文件不存在Items-Items
[ERROR] 07-10 16:31:15:171 [main] JedisUtil.java:312: Redis Error->key[Local_Config_v6_Drop~/x3_plan/游戏配置文档\Items.xlsx],stack[redis.clients.jedis.exceptions.JedisConnectionException: Could not get a resource from the pool]
[ERROR] 07-10 16:31:16:181 [main] JedisUtil.java:215: Redis Error->key[Local_Config_v6_Drop~/x3_plan/游戏配置文档\Items.xlsx],stack[redis.clients.jedis.exceptions.JedisConnectionException: Could not get a resource from the pool]
[ERROR] 07-10 16:31:16:181 [main] CM.java:559: 配置文件不存在Items-Drop
[ERROR] 07-10 16:31:17:185 [main] JedisUtil.java:312: Redis Error->key[Local_Config_v6_Convert~/x3_plan/游戏配置文档\Items.xlsx],stack[redis.clients.jedis.exceptions.JedisConnectionException: Could not get a resource from the pool]
[ERROR] 07-10 16:31:18:196 [main] JedisUtil.java:215: Redis Error->key[Local_Config_v6_Convert~/x3_plan/游戏配置文档\Items.xlsx],stack[redis.clients.jedis.exceptions.JedisConnectionException: Could not get a resource from the pool]
[ERROR] 07-10 16:31:18:196 [main] CM.java:559: 配置文件不存在Items-Convert
[ERROR] 07-10 16:31:19:207 [main] JedisUtil.java:312: Redis Error->key[Local_Config_v6_Player~/x3_plan/游戏配置文档\PlayerUpdate.xlsx],stack[redis.clients.jedis.exceptions.JedisConnectionException: Could not get a resource from the pool]
[ERROR] 07-10 16:31:19:207 [main] CM.java:521: 配置文件不存在~/x3_plan/游戏配置文档\PlayerUpdate.xlsx
[ERROR] 07-10 16:31:20:218 [main] JedisUtil.java:215: Redis Error->key[Local_Config_v6_Player~/x3_plan/游戏配置文档\PlayerUpdate.xlsx],stack[redis.clients.jedis.exceptions.JedisConnectionException: Could not get a resource from the pool]
[ERROR] 07-10 16:31:20:218 [main] CM.java:559: 配置文件不存在PlayerUpdate-Player
[ERROR] 07-10 16:31:21:231 [main] JedisUtil.java:312: Redis Error->key[Local_Config_v6_UpLv~/x3_plan/游戏配置文档\Tactics.xlsx],stack[redis.clients.jedis.exceptions.JedisConnectionException: Could not get a resource from the pool]
[ERROR] 07-10 16:31:21:231 [main] CM.java:521: 配置文件不存在~/x3_plan/游戏配置文档\Tactics.xlsx
[WARN ] 07-10 16:31:29:645 [main] CM.java:541: excel convert to bean..
[ERROR] 07-10 16:31:30:674 [main] JedisUtil.java:312: Redis Error->key[Local_Config_v6_ConfigF:/nba/FTXNBADataSystem/游戏配置文档\Global.xlsx],stack[redis.clients.jedis.exceptions.JedisConnectionException: Could not get a resource from the pool]
[ERROR] 07-10 16:31:32:261 [main] JedisUtil.java:215: Redis Error->key[Local_Config_v6_ConfigF:/nba/FTXNBADataSystem/游戏配置文档\Global.xlsx],stack[redis.clients.jedis.exceptions.JedisConnectionException: Could not get a resource from the pool]
[ERROR] 07-10 16:31:33:275 [main] JedisUtil.java:312: Redis Error->key[Local_Config_v6_EquiF:/nba/FTXNBADataSystem/游戏配置文档\Equi.xlsx],stack[redis.clients.jedis.exceptions.JedisConnectionException: Could not get a resource from the pool]
[ERROR] 07-10 16:31:34:345 [main] JedisUtil.java:215: Redis Error->key[Local_Config_v6_EquiF:/nba/FTXNBADataSystem/游戏配置文档\Equi.xlsx],stack[redis.clients.jedis.exceptions.JedisConnectionException: Could not get a resource from the pool]
[ERROR] 07-10 16:31:35:349 [main] JedisUtil.java:312: Redis Error->key[Local_Config_v6_UpLvF:/nba/FTXNBADataSystem/游戏配置文档\Equi.xlsx],stack[redis.clients.jedis.exceptions.JedisConnectionException: Could not get a resource from the pool]
[ERROR] 07-10 16:31:36:413 [main] JedisUtil.java:215: Redis Error->key[Local_Config_v6_UpLvF:/nba/FTXNBADataSystem/游戏配置文档\Equi.xlsx],stack[redis.clients.jedis.exceptions.JedisConnectionException: Could not get a resource from the pool]
[ERROR] 07-10 16:31:37:424 [main] JedisUtil.java:312: Redis Error->key[Local_Config_v6_UpStrLvF:/nba/FTXNBADataSystem/游戏配置文档\Equi.xlsx],stack[redis.clients.jedis.exceptions.JedisConnectionException: Could not get a resource from the pool]
[ERROR] 07-10 16:31:38:478 [main] JedisUtil.java:215: Redis Error->key[Local_Config_v6_UpStrLvF:/nba/FTXNBADataSystem/游戏配置文档\Equi.xlsx],stack[redis.clients.jedis.exceptions.JedisConnectionException: Could not get a resource from the pool]
[ERROR] 07-10 16:31:39:492 [main] JedisUtil.java:312: Redis Error->key[Local_Config_v6_UpQualityF:/nba/FTXNBADataSystem/游戏配置文档\Equi.xlsx],stack[redis.clients.jedis.exceptions.JedisConnectionException: Could not get a resource from the pool]
[WARN ] 07-10 16:31:53:923 [main] CM.java:541: excel convert to bean..
[ERROR] 07-10 16:31:54:942 [main] JedisUtil.java:312: Redis Error->key[Local_Config_v6_ConfigF:/nba/FTXNBADataSystem/游戏配置文档\Global.xlsx],stack[redis.clients.jedis.exceptions.JedisConnectionException: Could not get a resource from the pool]
[ERROR] 07-10 16:31:56:560 [main] JedisUtil.java:215: Redis Error->key[Local_Config_v6_ConfigF:/nba/FTXNBADataSystem/游戏配置文档\Global.xlsx],stack[redis.clients.jedis.exceptions.JedisConnectionException: Could not get a resource from the pool]
[ERROR] 07-10 16:31:57:574 [main] JedisUtil.java:312: Redis Error->key[Local_Config_v6_EquiF:/nba/FTXNBADataSystem/游戏配置文档\Equi.xlsx],stack[redis.clients.jedis.exceptions.JedisConnectionException: Could not get a resource from the pool]
[ERROR] 07-10 16:31:58:655 [main] JedisUtil.java:215: Redis Error->key[Local_Config_v6_EquiF:/nba/FTXNBADataSystem/游戏配置文档\Equi.xlsx],stack[redis.clients.jedis.exceptions.JedisConnectionException: Could not get a resource from the pool]
[ERROR] 07-10 16:31:59:668 [main] JedisUtil.java:312: Redis Error->key[Local_Config_v6_UpLvF:/nba/FTXNBADataSystem/游戏配置文档\Equi.xlsx],stack[redis.clients.jedis.exceptions.JedisConnectionException: Could not get a resource from the pool]
[ERROR] 07-10 16:32:00:727 [main] JedisUtil.java:215: Redis Error->key[Local_Config_v6_UpLvF:/nba/FTXNBADataSystem/游戏配置文档\Equi.xlsx],stack[redis.clients.jedis.exceptions.JedisConnectionException: Could not get a resource from the pool]
[ERROR] 07-10 16:32:01:729 [main] JedisUtil.java:312: Redis Error->key[Local_Config_v6_UpStrLvF:/nba/FTXNBADataSystem/游戏配置文档\Equi.xlsx],stack[redis.clients.jedis.exceptions.JedisConnectionException: Could not get a resource from the pool]
[WARN ] 07-10 16:33:05:688 [main] CM.java:541: excel convert to bean..
[ERROR] 07-10 16:33:05:715 [main] JedisUtil.java:312: Redis Error->key[Local_Config_v6_ConfigF:/nba/FTXNBADataSystem/游戏配置文档\Global.xlsx],stack[redis.clients.jedis.exceptions.JedisConnectionException: Could not get a resource from the pool]
[ERROR] 07-10 16:33:06:315 [main] JedisUtil.java:215: Redis Error->key[Local_Config_v6_ConfigF:/nba/FTXNBADataSystem/游戏配置文档\Global.xlsx],stack[redis.clients.jedis.exceptions.JedisConnectionException: Could not get a resource from the pool]
[ERROR] 07-10 16:33:06:319 [main] JedisUtil.java:312: Redis Error->key[Local_Config_v6_EquiF:/nba/FTXNBADataSystem/游戏配置文档\Equi.xlsx],stack[redis.clients.jedis.exceptions.JedisConnectionException: Could not get a resource from the pool]
[ERROR] 07-10 16:33:06:383 [main] JedisUtil.java:215: Redis Error->key[Local_Config_v6_EquiF:/nba/FTXNBADataSystem/游戏配置文档\Equi.xlsx],stack[redis.clients.jedis.exceptions.JedisConnectionException: Could not get a resource from the pool]
[ERROR] 07-10 16:33:06:388 [main] JedisUtil.java:312: Redis Error->key[Local_Config_v6_UpLvF:/nba/FTXNBADataSystem/游戏配置文档\Equi.xlsx],stack[redis.clients.jedis.exceptions.JedisConnectionException: Could not get a resource from the pool]
[ERROR] 07-10 16:33:06:446 [main] JedisUtil.java:215: Redis Error->key[Local_Config_v6_UpLvF:/nba/FTXNBADataSystem/游戏配置文档\Equi.xlsx],stack[redis.clients.jedis.exceptions.JedisConnectionException: Could not get a resource from the pool]
[ERROR] 07-10 16:33:06:451 [main] JedisUtil.java:312: Redis Error->key[Local_Config_v6_UpStrLvF:/nba/FTXNBADataSystem/游戏配置文档\Equi.xlsx],stack[redis.clients.jedis.exceptions.JedisConnectionException: Could not get a resource from the pool]
[ERROR] 07-10 16:33:06:515 [main] JedisUtil.java:215: Redis Error->key[Local_Config_v6_UpStrLvF:/nba/FTXNBADataSystem/游戏配置文档\Equi.xlsx],stack[redis.clients.jedis.exceptions.JedisConnectionException: Could not get a resource from the pool]
[ERROR] 07-10 16:33:06:520 [main] JedisUtil.java:312: Redis Error->key[Local_Config_v6_UpQualityF:/nba/FTXNBADataSystem/游戏配置文档\Equi.xlsx],stack[redis.clients.jedis.exceptions.JedisConnectionException: Could not get a resource from the pool]
[WARN ] 07-10 16:33:06:567 [main] ExcelRead.java:87: 配置数据出现空行 Equi_UpQuality row=10
[ERROR] 07-10 16:33:06:568 [main] JedisUtil.java:215: Redis Error->key[Local_Config_v6_UpQualityF:/nba/FTXNBADataSystem/游戏配置文档\Equi.xlsx],stack[redis.clients.jedis.exceptions.JedisConnectionException: Could not get a resource from the pool]
[ERROR] 07-10 16:33:06:578 [main] JedisUtil.java:312: Redis Error->key[Local_Config_v6_ClothesQuaF:/nba/FTXNBADataSystem/游戏配置文档\Equi.xlsx],stack[redis.clients.jedis.exceptions.JedisConnectionException: Could not get a resource from the pool]
[ERROR] 07-10 16:33:06:623 [main] JedisUtil.java:215: Redis Error->key[Local_Config_v6_ClothesQuaF:/nba/FTXNBADataSystem/游戏配置文档\Equi.xlsx],stack[redis.clients.jedis.exceptions.JedisConnectionException: Could not get a resource from the pool]
[ERROR] 07-10 16:33:06:625 [main] JedisUtil.java:312: Redis Error->key[Local_Config_v6_RefreshF:/nba/FTXNBADataSystem/游戏配置文档\Equi.xlsx],stack[redis.clients.jedis.exceptions.JedisConnectionException: Could not get a resource from the pool]
[ERROR] 07-10 16:33:06:666 [main] JedisUtil.java:215: Redis Error->key[Local_Config_v6_RefreshF:/nba/FTXNBADataSystem/游戏配置文档\Equi.xlsx],stack[redis.clients.jedis.exceptions.JedisConnectionException: Could not get a resource from the pool]
[ERROR] 07-10 16:33:06:668 [main] JedisUtil.java:312: Redis Error->key[Local_Config_v6_LvF:/nba/FTXNBADataSystem/游戏配置文档\LogoPlayer.xlsx],stack[redis.clients.jedis.exceptions.JedisConnectionException: Could not get a resource from the pool]
[ERROR] 07-10 16:33:06:692 [main] JedisUtil.java:215: Redis Error->key[Local_Config_v6_LvF:/nba/FTXNBADataSystem/游戏配置文档\LogoPlayer.xlsx],stack[redis.clients.jedis.exceptions.JedisConnectionException: Could not get a resource from the pool]
[ERROR] 07-10 16:33:06:694 [main] JedisUtil.java:312: Redis Error->key[Local_Config_v6_QualityF:/nba/FTXNBADataSystem/游戏配置文档\LogoPlayer.xlsx],stack[redis.clients.jedis.exceptions.JedisConnectionException: Could not get a resource from the pool]
[ERROR] 07-10 16:33:06:722 [main] JedisUtil.java:215: Redis Error->key[Local_Config_v6_QualityF:/nba/FTXNBADataSystem/游戏配置文档\LogoPlayer.xlsx],stack[redis.clients.jedis.exceptions.JedisConnectionException: Could not get a resource from the pool]
[ERROR] 07-10 16:33:06:724 [main] JedisUtil.java:312: Redis Error->key[Local_Config_v6_PlayerF:/nba/FTXNBADataSystem/游戏配置文档\LogoPlayer.xlsx],stack[redis.clients.jedis.exceptions.JedisConnectionException: Could not get a resource from the pool]
[ERROR] 07-10 16:33:06:771 [main] JedisUtil.java:215: Redis Error->key[Local_Config_v6_PlayerF:/nba/FTXNBADataSystem/游戏配置文档\LogoPlayer.xlsx],stack[redis.clients.jedis.exceptions.JedisConnectionException: Could not get a resource from the pool]
[ERROR] 07-10 16:33:06:773 [main] JedisUtil.java:312: Redis Error->key[Local_Config_v6_CardGroupF:/nba/FTXNBADataSystem/游戏配置文档\PlayerCollect.xlsx],stack[redis.clients.jedis.exceptions.JedisConnectionException: Could not get a resource from the pool]
[ERROR] 07-10 16:33:06:802 [main] JedisUtil.java:215: Redis Error->key[Local_Config_v6_CardGroupF:/nba/FTXNBADataSystem/游戏配置文档\PlayerCollect.xlsx],stack[redis.clients.jedis.exceptions.JedisConnectionException: Could not get a resource from the pool]
[ERROR] 07-10 16:33:06:805 [main] JedisUtil.java:312: Redis Error->key[Local_Config_v6_CompositeF:/nba/FTXNBADataSystem/游戏配置文档\PlayerCollect.xlsx],stack[redis.clients.jedis.exceptions.JedisConnectionException: Could not get a resource from the pool]
[ERROR] 07-10 16:33:06:832 [main] JedisUtil.java:215: Redis Error->key[Local_Config_v6_CompositeF:/nba/FTXNBADataSystem/游戏配置文档\PlayerCollect.xlsx],stack[redis.clients.jedis.exceptions.JedisConnectionException: Could not get a resource from the pool]
[ERROR] 07-10 16:33:06:835 [main] JedisUtil.java:312: Redis Error->key[Local_Config_v6_StarLvExpF:/nba/FTXNBADataSystem/游戏配置文档\PlayerCollect.xlsx],stack[redis.clients.jedis.exceptions.JedisConnectionException: Could not get a resource from the pool]
[ERROR] 07-10 16:33:06:864 [main] JedisUtil.java:215: Redis Error->key[Local_Config_v6_StarLvExpF:/nba/FTXNBADataSystem/游戏配置文档\PlayerCollect.xlsx],stack[redis.clients.jedis.exceptions.JedisConnectionException: Could not get a resource from the pool]
[ERROR] 07-10 16:33:06:867 [main] JedisUtil.java:312: Redis Error->key[Local_Config_v6_CardPlayerGradeCapF:/nba/FTXNBADataSystem/游戏配置文档\PlayerCollect.xlsx],stack[redis.clients.jedis.exceptions.JedisConnectionException: Could not get a resource from the pool]
[WARN ] 07-10 16:33:06:891 [main] ExcelRead.java:87: 配置数据出现空行 PlayerCollect_CardPlayerGradeCap row=41
[WARN ] 07-10 16:33:06:892 [main] ExcelRead.java:87: 配置数据出现空行 PlayerCollect_CardPlayerGradeCap row=42
[ERROR] 07-10 16:33:06:892 [main] JedisUtil.java:215: Redis Error->key[Local_Config_v6_CardPlayerGradeCapF:/nba/FTXNBADataSystem/游戏配置文档\PlayerCollect.xlsx],stack[redis.clients.jedis.exceptions.JedisConnectionException: Could not get a resource from the pool]
[ERROR] 07-10 16:33:06:897 [main] JedisUtil.java:312: Redis Error->key[Local_Config_v6_GameNpcF:/nba/FTXNBADataSystem/游戏配置文档\GameNPC.xlsx],stack[redis.clients.jedis.exceptions.JedisConnectionException: Could not get a resource from the pool]
[ERROR] 07-10 16:33:07:344 [main] JedisUtil.java:215: Redis Error->key[Local_Config_v6_GameNpcF:/nba/FTXNBADataSystem/游戏配置文档\GameNPC.xlsx],stack[redis.clients.jedis.exceptions.JedisConnectionException: Could not get a resource from the pool]
[ERROR] 07-10 16:33:07:354 [main] JedisUtil.java:312: Redis Error->key[Local_Config_v6_MirrorsF:/nba/FTXNBADataSystem/游戏配置文档\GameNPC.xlsx],stack[redis.clients.jedis.exceptions.JedisConnectionException: Could not get a resource from the pool]
[ERROR] 07-10 16:33:07:717 [main] JedisUtil.java:215: Redis Error->key[Local_Config_v6_MirrorsF:/nba/FTXNBADataSystem/游戏配置文档\GameNPC.xlsx],stack[redis.clients.jedis.exceptions.JedisConnectionException: Could not get a resource from the pool]
[ERROR] 07-10 16:33:07:739 [main] JedisUtil.java:312: Redis Error->key[Local_Config_v6_ItemDropsF:/nba/FTXNBADataSystem/游戏配置文档\Drop.xlsx],stack[redis.clients.jedis.exceptions.JedisConnectionException: Could not get a resource from the pool]
[ERROR] 07-10 16:33:07:889 [main] JedisUtil.java:215: Redis Error->key[Local_Config_v6_ItemDropsF:/nba/FTXNBADataSystem/游戏配置文档\Drop.xlsx],stack[redis.clients.jedis.exceptions.JedisConnectionException: Could not get a resource from the pool]
[ERROR] 07-10 16:33:07:899 [main] JedisUtil.java:312: Redis Error->key[Local_Config_v6_MainF:/nba/FTXNBADataSystem/游戏配置文档\MainSchedule.xlsx],stack[redis.clients.jedis.exceptions.JedisConnectionException: Could not get a resource from the pool]
[ERROR] 07-10 16:33:08:102 [main] JedisUtil.java:215: Redis Error->key[Local_Config_v6_MainF:/nba/FTXNBADataSystem/游戏配置文档\MainSchedule.xlsx],stack[redis.clients.jedis.exceptions.JedisConnectionException: Could not get a resource from the pool]
[ERROR] 07-10 16:33:08:106 [main] JedisUtil.java:312: Redis Error->key[Local_Config_v6_ExpF:/nba/FTXNBADataSystem/游戏配置文档\Upgrade.xlsx],stack[redis.clients.jedis.exceptions.JedisConnectionException: Could not get a resource from the pool]
[ERROR] 07-10 16:33:08:121 [main] JedisUtil.java:215: Redis Error->key[Local_Config_v6_ExpF:/nba/FTXNBADataSystem/游戏配置文档\Upgrade.xlsx],stack[redis.clients.jedis.exceptions.JedisConnectionException: Could not get a resource from the pool]
[ERROR] 07-10 16:33:08:125 [main] JedisUtil.java:312: Redis Error->key[Local_Config_v6_NumF:/nba/FTXNBADataSystem/游戏配置文档\Team.xlsx],stack[redis.clients.jedis.exceptions.JedisConnectionException: Could not get a resource from the pool]
[ERROR] 07-10 16:33:08:138 [main] JedisUtil.java:215: Redis Error->key[Local_Config_v6_NumF:/nba/FTXNBADataSystem/游戏配置文档\Team.xlsx],stack[redis.clients.jedis.exceptions.JedisConnectionException: Could not get a resource from the pool]
[ERROR] 07-10 16:33:08:154 [main] JedisUtil.java:312: Redis Error->key[Local_Config_v6_ItemsF:/nba/FTXNBADataSystem/游戏配置文档\Items.xlsx],stack[redis.clients.jedis.exceptions.JedisConnectionException: Could not get a resource from the pool]
[ERROR] 07-10 16:33:08:246 [main] JedisUtil.java:215: Redis Error->key[Local_Config_v6_ItemsF:/nba/FTXNBADataSystem/游戏配置文档\Items.xlsx],stack[redis.clients.jedis.exceptions.JedisConnectionException: Could not get a resource from the pool]
[ERROR] 07-10 16:33:08:250 [main] JedisUtil.java:312: Redis Error->key[Local_Config_v6_DropF:/nba/FTXNBADataSystem/游戏配置文档\Items.xlsx],stack[redis.clients.jedis.exceptions.JedisConnectionException: Could not get a resource from the pool]
[ERROR] 07-10 16:33:08:307 [main] JedisUtil.java:215: Redis Error->key[Local_Config_v6_DropF:/nba/FTXNBADataSystem/游戏配置文档\Items.xlsx],stack[redis.clients.jedis.exceptions.JedisConnectionException: Could not get a resource from the pool]
[ERROR] 07-10 16:33:08:309 [main] JedisUtil.java:312: Redis Error->key[Local_Config_v6_ConvertF:/nba/FTXNBADataSystem/游戏配置文档\Items.xlsx],stack[redis.clients.jedis.exceptions.JedisConnectionException: Could not get a resource from the pool]
[ERROR] 07-10 16:33:08:409 [main] JedisUtil.java:215: Redis Error->key[Local_Config_v6_ConvertF:/nba/FTXNBADataSystem/游戏配置文档\Items.xlsx],stack[redis.clients.jedis.exceptions.JedisConnectionException: Could not get a resource from the pool]
[ERROR] 07-10 16:33:08:466 [main] JedisUtil.java:312: Redis Error->key[Local_Config_v6_PlayerF:/nba/FTXNBADataSystem/游戏配置文档\PlayerUpdate.xlsx],stack[redis.clients.jedis.exceptions.JedisConnectionException: Could not get a resource from the pool]
[ERROR] 07-10 16:33:09:196 [main] JedisUtil.java:215: Redis Error->key[Local_Config_v6_PlayerF:/nba/FTXNBADataSystem/游戏配置文档\PlayerUpdate.xlsx],stack[redis.clients.jedis.exceptions.JedisConnectionException: Could not get a resource from the pool]
[ERROR] 07-10 16:33:09:231 [main] JedisUtil.java:312: Redis Error->key[Local_Config_v6_UpLvF:/nba/FTXNBADataSystem/游戏配置文档\Tactics.xlsx],stack[redis.clients.jedis.exceptions.JedisConnectionException: Could not get a resource from the pool]
[ERROR] 07-10 16:33:09:260 [main] JedisUtil.java:215: Redis Error->key[Local_Config_v6_UpLvF:/nba/FTXNBADataSystem/游戏配置文档\Tactics.xlsx],stack[redis.clients.jedis.exceptions.JedisConnectionException: Could not get a resource from the pool]
[ERROR] 07-10 16:33:09:262 [main] JedisUtil.java:312: Redis Error->key[Local_Config_v6_AdditionF:/nba/FTXNBADataSystem/游戏配置文档\Tactics.xlsx],stack[redis.clients.jedis.exceptions.JedisConnectionException: Could not get a resource from the pool]
[ERROR] 07-10 16:33:09:344 [main] JedisUtil.java:215: Redis Error->key[Local_Config_v6_AdditionF:/nba/FTXNBADataSystem/游戏配置文档\Tactics.xlsx],stack[redis.clients.jedis.exceptions.JedisConnectionException: Could not get a resource from the pool]
[ERROR] 07-10 16:33:09:349 [main] JedisUtil.java:312: Redis Error->key[Local_Config_v6_LearnF:/nba/FTXNBADataSystem/游戏配置文档\Tactics.xlsx],stack[redis.clients.jedis.exceptions.JedisConnectionException: Could not get a resource from the pool]
[ERROR] 07-10 16:33:09:370 [main] JedisUtil.java:215: Redis Error->key[Local_Config_v6_LearnF:/nba/FTXNBADataSystem/游戏配置文档\Tactics.xlsx],stack[redis.clients.jedis.exceptions.JedisConnectionException: Could not get a resource from the pool]
[ERROR] 07-10 16:33:09:371 [main] JedisUtil.java:312: Redis Error->key[Local_Config_v6_PowerF:/nba/FTXNBADataSystem/游戏配置文档\Tactics.xlsx],stack[redis.clients.jedis.exceptions.JedisConnectionException: Could not get a resource from the pool]
[ERROR] 07-10 16:33:09:394 [main] JedisUtil.java:215: Redis Error->key[Local_Config_v6_PowerF:/nba/FTXNBADataSystem/游戏配置文档\Tactics.xlsx],stack[redis.clients.jedis.exceptions.JedisConnectionException: Could not get a resource from the pool]
[ERROR] 07-10 16:33:09:397 [main] JedisUtil.java:312: Redis Error->key[Local_Config_v6_RoomF:/nba/FTXNBADataSystem/游戏配置文档\Draft.xlsx],stack[redis.clients.jedis.exceptions.JedisConnectionException: Could not get a resource from the pool]
[ERROR] 07-10 16:33:09:406 [main] JedisUtil.java:215: Redis Error->key[Local_Config_v6_RoomF:/nba/FTXNBADataSystem/游戏配置文档\Draft.xlsx],stack[redis.clients.jedis.exceptions.JedisConnectionException: Could not get a resource from the pool]
[ERROR] 07-10 16:33:09:408 [main] JedisUtil.java:312: Redis Error->key[Local_Config_v6_BattleF:/nba/FTXNBADataSystem/游戏配置文档\Battle.xlsx],stack[redis.clients.jedis.exceptions.JedisConnectionException: Could not get a resource from the pool]
[ERROR] 07-10 16:33:09:456 [main] JedisUtil.java:215: Redis Error->key[Local_Config_v6_BattleF:/nba/FTXNBADataSystem/游戏配置文档\Battle.xlsx],stack[redis.clients.jedis.exceptions.JedisConnectionException: Could not get a resource from the pool]
[ERROR] 07-10 16:33:09:476 [main] JedisUtil.java:312: Redis Error->key[Local_Config_v6_ActionGroupF:/nba/FTXNBADataSystem/游戏配置文档\Battle.xlsx],stack[redis.clients.jedis.exceptions.JedisConnectionException: Could not get a resource from the pool]
[ERROR] 07-10 16:33:09:583 [main] JedisUtil.java:215: Redis Error->key[Local_Config_v6_ActionGroupF:/nba/FTXNBADataSystem/游戏配置文档\Battle.xlsx],stack[redis.clients.jedis.exceptions.JedisConnectionException: Could not get a resource from the pool]
[ERROR] 07-10 16:33:09:585 [main] JedisUtil.java:312: Redis Error->key[Local_Config_v6_ActionF:/nba/FTXNBADataSystem/游戏配置文档\Battle.xlsx],stack[redis.clients.jedis.exceptions.JedisConnectionException: Could not get a resource from the pool]
[ERROR] 07-10 16:33:09:622 [main] JedisUtil.java:215: Redis Error->key[Local_Config_v6_ActionF:/nba/FTXNBADataSystem/游戏配置文档\Battle.xlsx],stack[redis.clients.jedis.exceptions.JedisConnectionException: Could not get a resource from the pool]
[ERROR] 07-10 16:33:09:626 [main] JedisUtil.java:312: Redis Error->key[Local_Config_v6_SubActionF:/nba/FTXNBADataSystem/游戏配置文档\Battle.xlsx],stack[redis.clients.jedis.exceptions.JedisConnectionException: Could not get a resource from the pool]
[ERROR] 07-10 16:33:09:659 [main] JedisUtil.java:215: Redis Error->key[Local_Config_v6_SubActionF:/nba/FTXNBADataSystem/游戏配置文档\Battle.xlsx],stack[redis.clients.jedis.exceptions.JedisConnectionException: Could not get a resource from the pool]
[ERROR] 07-10 16:33:09:662 [main] JedisUtil.java:312: Redis Error->key[Local_Config_v6_SkillPowerF:/nba/FTXNBADataSystem/游戏配置文档\Battle.xlsx],stack[redis.clients.jedis.exceptions.JedisConnectionException: Could not get a resource from the pool]
[ERROR] 07-10 16:33:09:695 [main] JedisUtil.java:215: Redis Error->key[Local_Config_v6_SkillPowerF:/nba/FTXNBADataSystem/游戏配置文档\Battle.xlsx],stack[redis.clients.jedis.exceptions.JedisConnectionException: Could not get a resource from the pool]
[ERROR] 07-10 16:33:09:700 [main] JedisUtil.java:312: Redis Error->key[Local_Config_v6_PlayerPowerF:/nba/FTXNBADataSystem/游戏配置文档\Battle.xlsx],stack[redis.clients.jedis.exceptions.JedisConnectionException: Could not get a resource from the pool]
[ERROR] 07-10 16:33:09:737 [main] JedisUtil.java:215: Redis Error->key[Local_Config_v6_PlayerPowerF:/nba/FTXNBADataSystem/游戏配置文档\Battle.xlsx],stack[redis.clients.jedis.exceptions.JedisConnectionException: Could not get a resource from the pool]
[ERROR] 07-10 16:33:09:744 [main] JedisUtil.java:312: Redis Error->key[Local_Config_v6_HintGroupF:/nba/FTXNBADataSystem/游戏配置文档\Battle.xlsx],stack[redis.clients.jedis.exceptions.JedisConnectionException: Could not get a resource from the pool]
[ERROR] 07-10 16:33:09:776 [main] JedisUtil.java:215: Redis Error->key[Local_Config_v6_HintGroupF:/nba/FTXNBADataSystem/游戏配置文档\Battle.xlsx],stack[redis.clients.jedis.exceptions.JedisConnectionException: Could not get a resource from the pool]
[ERROR] 07-10 16:33:09:778 [main] JedisUtil.java:312: Redis Error->key[Local_Config_v6_HintF:/nba/FTXNBADataSystem/游戏配置文档\Battle.xlsx],stack[redis.clients.jedis.exceptions.JedisConnectionException: Could not get a resource from the pool]
[ERROR] 07-10 16:33:09:840 [main] JedisUtil.java:215: Redis Error->key[Local_Config_v6_HintF:/nba/FTXNBADataSystem/游戏配置文档\Battle.xlsx],stack[redis.clients.jedis.exceptions.JedisConnectionException: Could not get a resource from the pool]
[ERROR] 07-10 16:33:09:850 [main] JedisUtil.java:312: Redis Error->key[Local_Config_v6_CustomF:/nba/FTXNBADataSystem/游戏配置文档\BattleCustom.xlsx],stack[redis.clients.jedis.exceptions.JedisConnectionException: Could not get a resource from the pool]
[ERROR] 07-10 16:33:09:870 [main] JedisUtil.java:215: Redis Error->key[Local_Config_v6_CustomF:/nba/FTXNBADataSystem/游戏配置文档\BattleCustom.xlsx],stack[redis.clients.jedis.exceptions.JedisConnectionException: Could not get a resource from the pool]
[ERROR] 07-10 16:33:09:874 [main] JedisUtil.java:312: Redis Error->key[Local_Config_v6_RoundF:/nba/FTXNBADataSystem/游戏配置文档\BattleCustom.xlsx],stack[redis.clients.jedis.exceptions.JedisConnectionException: Could not get a resource from the pool]
[ERROR] 07-10 16:33:09:899 [main] JedisUtil.java:215: Redis Error->key[Local_Config_v6_RoundF:/nba/FTXNBADataSystem/游戏配置文档\BattleCustom.xlsx],stack[redis.clients.jedis.exceptions.JedisConnectionException: Could not get a resource from the pool]
[ERROR] 07-10 16:33:09:903 [main] JedisUtil.java:312: Redis Error->key[Local_Config_v6_SubActionF:/nba/FTXNBADataSystem/游戏配置文档\BattleCustom.xlsx],stack[redis.clients.jedis.exceptions.JedisConnectionException: Could not get a resource from the pool]
[ERROR] 07-10 16:33:09:928 [main] JedisUtil.java:215: Redis Error->key[Local_Config_v6_SubActionF:/nba/FTXNBADataSystem/游戏配置文档\BattleCustom.xlsx],stack[redis.clients.jedis.exceptions.JedisConnectionException: Could not get a resource from the pool]
[ERROR] 07-10 16:33:09:931 [main] JedisUtil.java:312: Redis Error->key[Local_Config_v6_TeamStatF:/nba/FTXNBADataSystem/游戏配置文档\BattleCustom.xlsx],stack[redis.clients.jedis.exceptions.JedisConnectionException: Could not get a resource from the pool]
[ERROR] 07-10 16:33:09:952 [main] JedisUtil.java:215: Redis Error->key[Local_Config_v6_TeamStatF:/nba/FTXNBADataSystem/游戏配置文档\BattleCustom.xlsx],stack[redis.clients.jedis.exceptions.JedisConnectionException: Could not get a resource from the pool]
[ERROR] 07-10 16:33:09:955 [main] JedisUtil.java:312: Redis Error->key[Local_Config_v6_PlayerStatF:/nba/FTXNBADataSystem/游戏配置文档\BattleCustom.xlsx],stack[redis.clients.jedis.exceptions.JedisConnectionException: Could not get a resource from the pool]
[ERROR] 07-10 16:33:09:980 [main] JedisUtil.java:215: Redis Error->key[Local_Config_v6_PlayerStatF:/nba/FTXNBADataSystem/游戏配置文档\BattleCustom.xlsx],stack[redis.clients.jedis.exceptions.JedisConnectionException: Could not get a resource from the pool]
[ERROR] 07-10 16:33:09:984 [main] JedisUtil.java:312: Redis Error->key[Local_Config_v6_MatchF:/nba/FTXNBADataSystem/游戏配置文档\Match.xlsx],stack[redis.clients.jedis.exceptions.JedisConnectionException: Could not get a resource from the pool]
[ERROR] 07-10 16:33:10:017 [main] JedisUtil.java:215: Redis Error->key[Local_Config_v6_MatchF:/nba/FTXNBADataSystem/游戏配置文档\Match.xlsx],stack[redis.clients.jedis.exceptions.JedisConnectionException: Could not get a resource from the pool]
[ERROR] 07-10 16:33:10:020 [main] JedisUtil.java:312: Redis Error->key[Local_Config_v6_RankAwardF:/nba/FTXNBADataSystem/游戏配置文档\Match.xlsx],stack[redis.clients.jedis.exceptions.JedisConnectionException: Could not get a resource from the pool]
[ERROR] 07-10 16:33:10:041 [main] JedisUtil.java:215: Redis Error->key[Local_Config_v6_RankAwardF:/nba/FTXNBADataSystem/游戏配置文档\Match.xlsx],stack[redis.clients.jedis.exceptions.JedisConnectionException: Could not get a resource from the pool]
[ERROR] 07-10 16:33:10:045 [main] JedisUtil.java:312: Redis Error->key[Local_Config_v6_TaskF:/nba/FTXNBADataSystem/游戏配置文档\League.xlsx],stack[redis.clients.jedis.exceptions.JedisConnectionException: Could not get a resource from the pool]
[ERROR] 07-10 16:33:10:068 [main] JedisUtil.java:215: Redis Error->key[Local_Config_v6_TaskF:/nba/FTXNBADataSystem/游戏配置文档\League.xlsx],stack[redis.clients.jedis.exceptions.JedisConnectionException: Could not get a resource from the pool]
[ERROR] 07-10 16:33:10:070 [main] JedisUtil.java:312: Redis Error->key[Local_Config_v6_HonorF:/nba/FTXNBADataSystem/游戏配置文档\League.xlsx],stack[redis.clients.jedis.exceptions.JedisConnectionException: Could not get a resource from the pool]
[ERROR] 07-10 16:33:10:088 [main] JedisUtil.java:215: Redis Error->key[Local_Config_v6_HonorF:/nba/FTXNBADataSystem/游戏配置文档\League.xlsx],stack[redis.clients.jedis.exceptions.JedisConnectionException: Could not get a resource from the pool]
[ERROR] 07-10 16:33:10:089 [main] JedisUtil.java:312: Redis Error->key[Local_Config_v6_PropF:/nba/FTXNBADataSystem/游戏配置文档\League.xlsx],stack[redis.clients.jedis.exceptions.JedisConnectionException: Could not get a resource from the pool]
[ERROR] 07-10 16:33:10:106 [main] JedisUtil.java:215: Redis Error->key[Local_Config_v6_PropF:/nba/FTXNBADataSystem/游戏配置文档\League.xlsx],stack[redis.clients.jedis.exceptions.JedisConnectionException: Could not get a resource from the pool]
[ERROR] 07-10 16:33:10:108 [main] JedisUtil.java:312: Redis Error->key[Local_Config_v6_ArenaRewardF:/nba/FTXNBADataSystem/游戏配置文档\League.xlsx],stack[redis.clients.jedis.exceptions.JedisConnectionException: Could not get a resource from the pool]
[ERROR] 07-10 16:33:10:125 [main] JedisUtil.java:215: Redis Error->key[Local_Config_v6_ArenaRewardF:/nba/FTXNBADataSystem/游戏配置文档\League.xlsx],stack[redis.clients.jedis.exceptions.JedisConnectionException: Could not get a resource from the pool]
[ERROR] 07-10 16:33:10:126 [main] JedisUtil.java:312: Redis Error->key[Local_Config_v6_PostionScoreF:/nba/FTXNBADataSystem/游戏配置文档\League.xlsx],stack[redis.clients.jedis.exceptions.JedisConnectionException: Could not get a resource from the pool]
[ERROR] 07-10 16:33:10:143 [main] JedisUtil.java:215: Redis Error->key[Local_Config_v6_PostionScoreF:/nba/FTXNBADataSystem/游戏配置文档\League.xlsx],stack[redis.clients.jedis.exceptions.JedisConnectionException: Could not get a resource from the pool]
[ERROR] 07-10 16:33:10:145 [main] JedisUtil.java:312: Redis Error->key[Local_Config_v6_LeagueF:/nba/FTXNBADataSystem/游戏配置文档\Shop.xlsx],stack[redis.clients.jedis.exceptions.JedisConnectionException: Could not get a resource from the pool]
[ERROR] 07-10 16:33:10:156 [main] JedisUtil.java:215: Redis Error->key[Local_Config_v6_LeagueF:/nba/FTXNBADataSystem/游戏配置文档\Shop.xlsx],stack[redis.clients.jedis.exceptions.JedisConnectionException: Could not get a resource from the pool]
[ERROR] 07-10 16:33:10:159 [main] JedisUtil.java:312: Redis Error->key[Local_Config_v6_MoneyF:/nba/FTXNBADataSystem/游戏配置文档\Shop.xlsx],stack[redis.clients.jedis.exceptions.JedisConnectionException: Could not get a resource from the pool]
[ERROR] 07-10 16:33:10:180 [main] JedisUtil.java:215: Redis Error->key[Local_Config_v6_MoneyF:/nba/FTXNBADataSystem/游戏配置文档\Shop.xlsx],stack[redis.clients.jedis.exceptions.JedisConnectionException: Could not get a resource from the pool]
[ERROR] 07-10 16:33:10:183 [main] JedisUtil.java:312: Redis Error->key[Local_Config_v6_BDMoneyF:/nba/FTXNBADataSystem/游戏配置文档\Shop.xlsx],stack[redis.clients.jedis.exceptions.JedisConnectionException: Could not get a resource from the pool]
[ERROR] 07-10 16:33:10:196 [main] JedisUtil.java:215: Redis Error->key[Local_Config_v6_BDMoneyF:/nba/FTXNBADataSystem/游戏配置文档\Shop.xlsx],stack[redis.clients.jedis.exceptions.JedisConnectionException: Could not get a resource from the pool]
[ERROR] 07-10 16:33:10:199 [main] JedisUtil.java:312: Redis Error->key[Local_Config_v6_PriceF:/nba/FTXNBADataSystem/游戏配置文档\Shop.xlsx],stack[redis.clients.jedis.exceptions.JedisConnectionException: Could not get a resource from the pool]
[ERROR] 07-10 16:33:10:213 [main] JedisUtil.java:215: Redis Error->key[Local_Config_v6_PriceF:/nba/FTXNBADataSystem/游戏配置文档\Shop.xlsx],stack[redis.clients.jedis.exceptions.JedisConnectionException: Could not get a resource from the pool]
[ERROR] 07-10 16:33:10:215 [main] JedisUtil.java:312: Redis Error->key[Local_Config_v6_StarF:/nba/FTXNBADataSystem/游戏配置文档\Task.xlsx],stack[redis.clients.jedis.exceptions.JedisConnectionException: Could not get a resource from the pool]
[ERROR] 07-10 16:33:10:340 [main] JedisUtil.java:215: Redis Error->key[Local_Config_v6_StarF:/nba/FTXNBADataSystem/游戏配置文档\Task.xlsx],stack[redis.clients.jedis.exceptions.JedisConnectionException: Could not get a resource from the pool]
[ERROR] 07-10 16:33:10:343 [main] JedisUtil.java:312: Redis Error->key[Local_Config_v6_TaskF:/nba/FTXNBADataSystem/游戏配置文档\Task.xlsx],stack[redis.clients.jedis.exceptions.JedisConnectionException: Could not get a resource from the pool]
[ERROR] 07-10 16:33:10:581 [main] JedisUtil.java:215: Redis Error->key[Local_Config_v6_TaskF:/nba/FTXNBADataSystem/游戏配置文档\Task.xlsx],stack[redis.clients.jedis.exceptions.JedisConnectionException: Could not get a resource from the pool]
[ERROR] 07-10 16:33:10:592 [main] JedisUtil.java:312: Redis Error->key[Local_Config_v6_StarArardF:/nba/FTXNBADataSystem/游戏配置文档\Task.xlsx],stack[redis.clients.jedis.exceptions.JedisConnectionException: Could not get a resource from the pool]
[ERROR] 07-10 16:33:10:672 [main] JedisUtil.java:215: Redis Error->key[Local_Config_v6_StarArardF:/nba/FTXNBADataSystem/游戏配置文档\Task.xlsx],stack[redis.clients.jedis.exceptions.JedisConnectionException: Could not get a resource from the pool]
[ERROR] 07-10 16:33:10:679 [main] JedisUtil.java:312: Redis Error->key[Local_Config_v6_ConditionF:/nba/FTXNBADataSystem/游戏配置文档\Task.xlsx],stack[redis.clients.jedis.exceptions.JedisConnectionException: Could not get a resource from the pool]
[ERROR] 07-10 16:33:10:796 [main] JedisUtil.java:215: Redis Error->key[Local_Config_v6_ConditionF:/nba/FTXNBADataSystem/游戏配置文档\Task.xlsx],stack[redis.clients.jedis.exceptions.JedisConnectionException: Could not get a resource from the pool]
[ERROR] 07-10 16:33:10:806 [main] JedisUtil.java:312: Redis Error->key[Local_Config_v6_PlayerMoneyF:/nba/FTXNBADataSystem/游戏配置文档\PlayerMoney.xlsx],stack[redis.clients.jedis.exceptions.JedisConnectionException: Could not get a resource from the pool]
[ERROR] 07-10 16:33:12:267 [main] JedisUtil.java:215: Redis Error->key[Local_Config_v6_PlayerMoneyF:/nba/FTXNBADataSystem/游戏配置文档\PlayerMoney.xlsx],stack[redis.clients.jedis.exceptions.JedisConnectionException: Could not get a resource from the pool]
[ERROR] 07-10 16:33:12:520 [main] JedisUtil.java:312: Redis Error->key[Local_Config_v6_PlayerPriceF:/nba/FTXNBADataSystem/游戏配置文档\PlayerPrice.xlsx],stack[redis.clients.jedis.exceptions.JedisConnectionException: Could not get a resource from the pool]
[ERROR] 07-10 16:33:13:028 [main] JedisUtil.java:215: Redis Error->key[Local_Config_v6_PlayerPriceF:/nba/FTXNBADataSystem/游戏配置文档\PlayerPrice.xlsx],stack[redis.clients.jedis.exceptions.JedisConnectionException: Could not get a resource from the pool]
[ERROR] 07-10 16:33:13:030 [main] JedisUtil.java:312: Redis Error->key[Local_Config_v6_MailF:/nba/FTXNBADataSystem/游戏配置文档\Mail.xlsx],stack[redis.clients.jedis.exceptions.JedisConnectionException: Could not get a resource from the pool]
[ERROR] 07-10 16:33:13:039 [main] JedisUtil.java:215: Redis Error->key[Local_Config_v6_MailF:/nba/FTXNBADataSystem/游戏配置文档\Mail.xlsx],stack[redis.clients.jedis.exceptions.JedisConnectionException: Could not get a resource from the pool]
[ERROR] 07-10 16:33:13:041 [main] JedisUtil.java:312: Redis Error->key[Local_Config_v6_ConstructionF:/nba/FTXNBADataSystem/游戏配置文档\Arena.xlsx],stack[redis.clients.jedis.exceptions.JedisConnectionException: Could not get a resource from the pool]
[ERROR] 07-10 16:33:13:073 [main] JedisUtil.java:215: Redis Error->key[Local_Config_v6_ConstructionF:/nba/FTXNBADataSystem/游戏配置文档\Arena.xlsx],stack[redis.clients.jedis.exceptions.JedisConnectionException: Could not get a resource from the pool]
[ERROR] 07-10 16:33:13:075 [main] JedisUtil.java:312: Redis Error->key[Local_Config_v6_ArenaF:/nba/FTXNBADataSystem/游戏配置文档\Arena.xlsx],stack[redis.clients.jedis.exceptions.JedisConnectionException: Could not get a resource from the pool]
[ERROR] 07-10 16:33:13:096 [main] JedisUtil.java:215: Redis Error->key[Local_Config_v6_ArenaF:/nba/FTXNBADataSystem/游戏配置文档\Arena.xlsx],stack[redis.clients.jedis.exceptions.JedisConnectionException: Could not get a resource from the pool]
[ERROR] 07-10 16:33:13:099 [main] JedisUtil.java:312: Redis Error->key[Local_Config_v6_RollF:/nba/FTXNBADataSystem/游戏配置文档\Arena.xlsx],stack[redis.clients.jedis.exceptions.JedisConnectionException: Could not get a resource from the pool]
[ERROR] 07-10 16:33:13:135 [main] JedisUtil.java:215: Redis Error->key[Local_Config_v6_RollF:/nba/FTXNBADataSystem/游戏配置文档\Arena.xlsx],stack[redis.clients.jedis.exceptions.JedisConnectionException: Could not get a resource from the pool]
[ERROR] 07-10 16:33:13:138 [main] JedisUtil.java:312: Redis Error->key[Local_Config_v6_StreetBallF:/nba/FTXNBADataSystem/游戏配置文档\StreetBall.xlsx],stack[redis.clients.jedis.exceptions.JedisConnectionException: Could not get a resource from the pool]
[ERROR] 07-10 16:33:13:157 [main] JedisUtil.java:215: Redis Error->key[Local_Config_v6_StreetBallF:/nba/FTXNBADataSystem/游戏配置文档\StreetBall.xlsx],stack[redis.clients.jedis.exceptions.JedisConnectionException: Could not get a resource from the pool]
[ERROR] 07-10 16:33:13:163 [main] JedisUtil.java:312: Redis Error->key[Local_Config_v6_TrainF:/nba/FTXNBADataSystem/游戏配置文档\Train.xlsx],stack[redis.clients.jedis.exceptions.JedisConnectionException: Could not get a resource from the pool]
[ERROR] 07-10 16:33:13:177 [main] JedisUtil.java:215: Redis Error->key[Local_Config_v6_TrainF:/nba/FTXNBADataSystem/游戏配置文档\Train.xlsx],stack[redis.clients.jedis.exceptions.JedisConnectionException: Could not get a resource from the pool]
[ERROR] 07-10 16:33:13:178 [main] JedisUtil.java:312: Redis Error->key[Local_Config_v6_TrainTypeF:/nba/FTXNBADataSystem/游戏配置文档\Train.xlsx],stack[redis.clients.jedis.exceptions.JedisConnectionException: Could not get a resource from the pool]
[ERROR] 07-10 16:33:13:188 [main] JedisUtil.java:215: Redis Error->key[Local_Config_v6_TrainTypeF:/nba/FTXNBADataSystem/游戏配置文档\Train.xlsx],stack[redis.clients.jedis.exceptions.JedisConnectionException: Could not get a resource from the pool]
[ERROR] 07-10 16:33:13:190 [main] JedisUtil.java:312: Redis Error->key[Local_Config_v6_monthF:/nba/FTXNBADataSystem/游戏配置文档\Sign.xlsx],stack[redis.clients.jedis.exceptions.JedisConnectionException: Could not get a resource from the pool]
[ERROR] 07-10 16:33:13:212 [main] JedisUtil.java:215: Redis Error->key[Local_Config_v6_monthF:/nba/FTXNBADataSystem/游戏配置文档\Sign.xlsx],stack[redis.clients.jedis.exceptions.JedisConnectionException: Could not get a resource from the pool]
[ERROR] 07-10 16:33:13:216 [main] JedisUtil.java:312: Redis Error->key[Local_Config_v6_weekF:/nba/FTXNBADataSystem/游戏配置文档\Sign.xlsx],stack[redis.clients.jedis.exceptions.JedisConnectionException: Could not get a resource from the pool]
[ERROR] 07-10 16:33:13:229 [main] JedisUtil.java:215: Redis Error->key[Local_Config_v6_weekF:/nba/FTXNBADataSystem/游戏配置文档\Sign.xlsx],stack[redis.clients.jedis.exceptions.JedisConnectionException: Could not get a resource from the pool]
[ERROR] 07-10 16:33:13:233 [main] JedisUtil.java:312: Redis Error->key[Local_Config_v6_ActiveF:/nba/FTXNBADataSystem/游戏配置文档\SystemActive.xlsx],stack[redis.clients.jedis.exceptions.JedisConnectionException: Could not get a resource from the pool]
[ERROR] 07-10 16:33:13:258 [main] JedisUtil.java:215: Redis Error->key[Local_Config_v6_ActiveF:/nba/FTXNBADataSystem/游戏配置文档\SystemActive.xlsx],stack[redis.clients.jedis.exceptions.JedisConnectionException: Could not get a resource from the pool]
[ERROR] 07-10 16:33:13:260 [main] JedisUtil.java:312: Redis Error->key[Local_Config_v6_ConfigF:/nba/FTXNBADataSystem/游戏配置文档\SystemActive.xlsx],stack[redis.clients.jedis.exceptions.JedisConnectionException: Could not get a resource from the pool]
[ERROR] 07-10 16:33:13:288 [main] JedisUtil.java:215: Redis Error->key[Local_Config_v6_ConfigF:/nba/FTXNBADataSystem/游戏配置文档\SystemActive.xlsx],stack[redis.clients.jedis.exceptions.JedisConnectionException: Could not get a resource from the pool]
[ERROR] 07-10 16:33:13:307 [main] JedisUtil.java:312: Redis Error->key[Local_Config_v6_levelF:/nba/FTXNBADataSystem/游戏配置文档\Vip.xlsx],stack[redis.clients.jedis.exceptions.JedisConnectionException: Could not get a resource from the pool]
[ERROR] 07-10 16:33:13:325 [main] JedisUtil.java:215: Redis Error->key[Local_Config_v6_levelF:/nba/FTXNBADataSystem/游戏配置文档\Vip.xlsx],stack[redis.clients.jedis.exceptions.JedisConnectionException: Could not get a resource from the pool]
[ERROR] 07-10 16:33:13:330 [main] JedisUtil.java:312: Redis Error->key[Local_Config_v6_skillF:/nba/FTXNBADataSystem/游戏配置文档\Skill.xlsx],stack[redis.clients.jedis.exceptions.JedisConnectionException: Could not get a resource from the pool]
[ERROR] 07-10 16:33:13:347 [main] JedisUtil.java:215: Redis Error->key[Local_Config_v6_skillF:/nba/FTXNBADataSystem/游戏配置文档\Skill.xlsx],stack[redis.clients.jedis.exceptions.JedisConnectionException: Could not get a resource from the pool]
[ERROR] 07-10 16:33:13:349 [main] JedisUtil.java:312: Redis Error->key[Local_Config_v6_buffF:/nba/FTXNBADataSystem/游戏配置文档\Skill.xlsx],stack[redis.clients.jedis.exceptions.JedisConnectionException: Could not get a resource from the pool]
[ERROR] 07-10 16:33:13:364 [main] JedisUtil.java:215: Redis Error->key[Local_Config_v6_buffF:/nba/FTXNBADataSystem/游戏配置文档\Skill.xlsx],stack[redis.clients.jedis.exceptions.JedisConnectionException: Could not get a resource from the pool]
[ERROR] 07-10 16:33:13:365 [main] JedisUtil.java:312: Redis Error->key[Local_Config_v6_positionF:/nba/FTXNBADataSystem/游戏配置文档\Skill.xlsx],stack[redis.clients.jedis.exceptions.JedisConnectionException: Could not get a resource from the pool]
[ERROR] 07-10 16:33:13:379 [main] JedisUtil.java:215: Redis Error->key[Local_Config_v6_positionF:/nba/FTXNBADataSystem/游戏配置文档\Skill.xlsx],stack[redis.clients.jedis.exceptions.JedisConnectionException: Could not get a resource from the pool]
[ERROR] 07-10 16:33:13:380 [main] JedisUtil.java:312: Redis Error->key[Local_Config_v6_playerF:/nba/FTXNBADataSystem/游戏配置文档\Skill.xlsx],stack[redis.clients.jedis.exceptions.JedisConnectionException: Could not get a resource from the pool]
[ERROR] 07-10 16:33:13:393 [main] JedisUtil.java:215: Redis Error->key[Local_Config_v6_playerF:/nba/FTXNBADataSystem/游戏配置文档\Skill.xlsx],stack[redis.clients.jedis.exceptions.JedisConnectionException: Could not get a resource from the pool]
[ERROR] 07-10 16:33:13:394 [main] JedisUtil.java:312: Redis Error->key[Local_Config_v6_levelF:/nba/FTXNBADataSystem/游戏配置文档\Skill.xlsx],stack[redis.clients.jedis.exceptions.JedisConnectionException: Could not get a resource from the pool]
[ERROR] 07-10 16:33:13:410 [main] JedisUtil.java:215: Redis Error->key[Local_Config_v6_levelF:/nba/FTXNBADataSystem/游戏配置文档\Skill.xlsx],stack[redis.clients.jedis.exceptions.JedisConnectionException: Could not get a resource from the pool]
[ERROR] 07-10 16:33:13:413 [main] JedisUtil.java:312: Redis Error->key[Local_Config_v6_PhysicalF:/nba/FTXNBADataSystem/游戏配置文档\PlayerPhysical.xlsx],stack[redis.clients.jedis.exceptions.JedisConnectionException: Could not get a resource from the pool]
[ERROR] 07-10 16:33:13:459 [main] JedisUtil.java:215: Redis Error->key[Local_Config_v6_PhysicalF:/nba/FTXNBADataSystem/游戏配置文档\PlayerPhysical.xlsx],stack[redis.clients.jedis.exceptions.JedisConnectionException: Could not get a resource from the pool]
[ERROR] 07-10 16:33:13:464 [main] JedisUtil.java:312: Redis Error->key[Local_Config_v6_coachF:/nba/FTXNBADataSystem/游戏配置文档\Coach.xlsx],stack[redis.clients.jedis.exceptions.JedisConnectionException: Could not get a resource from the pool]
[ERROR] 07-10 16:33:13:479 [main] JedisUtil.java:215: Redis Error->key[Local_Config_v6_coachF:/nba/FTXNBADataSystem/游戏配置文档\Coach.xlsx],stack[redis.clients.jedis.exceptions.JedisConnectionException: Could not get a resource from the pool]
[ERROR] 07-10 16:33:13:481 [main] JedisUtil.java:312: Redis Error->key[Local_Config_v6_skillF:/nba/FTXNBADataSystem/游戏配置文档\Coach.xlsx],stack[redis.clients.jedis.exceptions.JedisConnectionException: Could not get a resource from the pool]
[ERROR] 07-10 16:33:13:497 [main] JedisUtil.java:215: Redis Error->key[Local_Config_v6_skillF:/nba/FTXNBADataSystem/游戏配置文档\Coach.xlsx],stack[redis.clients.jedis.exceptions.JedisConnectionException: Could not get a resource from the pool]
[ERROR] 07-10 16:33:13:501 [main] JedisUtil.java:312: Redis Error->key[Local_Config_v6_playerGradeF:/nba/FTXNBADataSystem/游戏配置文档\LevelUp.xlsx],stack[redis.clients.jedis.exceptions.JedisConnectionException: Could not get a resource from the pool]
[ERROR] 07-10 16:33:13:518 [main] JedisUtil.java:215: Redis Error->key[Local_Config_v6_playerGradeF:/nba/FTXNBADataSystem/游戏配置文档\LevelUp.xlsx],stack[redis.clients.jedis.exceptions.JedisConnectionException: Could not get a resource from the pool]
[ERROR] 07-10 16:33:13:521 [main] JedisUtil.java:312: Redis Error->key[Local_Config_v6_playerStarF:/nba/FTXNBADataSystem/游戏配置文档\LevelUp.xlsx],stack[redis.clients.jedis.exceptions.JedisConnectionException: Could not get a resource from the pool]
[ERROR] 07-10 16:33:13:535 [main] JedisUtil.java:215: Redis Error->key[Local_Config_v6_playerStarF:/nba/FTXNBADataSystem/游戏配置文档\LevelUp.xlsx],stack[redis.clients.jedis.exceptions.JedisConnectionException: Could not get a resource from the pool]
[ERROR] 07-10 16:33:13:537 [main] JedisUtil.java:312: Redis Error->key[Local_Config_v6_LvF:/nba/FTXNBADataSystem/游戏配置文档\TrainPlayer.xlsx],stack[redis.clients.jedis.exceptions.JedisConnectionException: Could not get a resource from the pool]
[ERROR] 07-10 16:33:13:548 [main] JedisUtil.java:215: Redis Error->key[Local_Config_v6_LvF:/nba/FTXNBADataSystem/游戏配置文档\TrainPlayer.xlsx],stack[redis.clients.jedis.exceptions.JedisConnectionException: Could not get a resource from the pool]
[ERROR] 07-10 16:33:13:552 [main] JedisUtil.java:312: Redis Error->key[Local_Config_v6_ArchiveF:/nba/FTXNBADataSystem/游戏配置文档\PlayerArchive.xlsx],stack[redis.clients.jedis.exceptions.JedisConnectionException: Could not get a resource from the pool]
[ERROR] 07-10 16:33:13:558 [main] JedisUtil.java:215: Redis Error->key[Local_Config_v6_ArchiveF:/nba/FTXNBADataSystem/游戏配置文档\PlayerArchive.xlsx],stack[redis.clients.jedis.exceptions.JedisConnectionException: Could not get a resource from the pool]
[ERROR] 07-10 16:33:13:561 [main] JedisUtil.java:312: Redis Error->key[Local_Config_v6_DivF:/nba/FTXNBADataSystem/游戏配置文档\MainMatch.xlsx],stack[redis.clients.jedis.exceptions.JedisConnectionException: Could not get a resource from the pool]
[WARN ] 07-10 16:33:13:600 [main] ExcelRead.java:87: 配置数据出现空行 MainMatch_Div row=23
[WARN ] 07-10 16:33:13:601 [main] ExcelRead.java:87: 配置数据出现空行 MainMatch_Div row=24
[WARN ] 07-10 16:33:13:601 [main] ExcelRead.java:87: 配置数据出现空行 MainMatch_Div row=25
[ERROR] 07-10 16:33:13:602 [main] JedisUtil.java:215: Redis Error->key[Local_Config_v6_DivF:/nba/FTXNBADataSystem/游戏配置文档\MainMatch.xlsx],stack[redis.clients.jedis.exceptions.JedisConnectionException: Could not get a resource from the pool]
[ERROR] 07-10 16:33:13:607 [main] JedisUtil.java:312: Redis Error->key[Local_Config_v6_LevF:/nba/FTXNBADataSystem/游戏配置文档\MainMatch.xlsx],stack[redis.clients.jedis.exceptions.JedisConnectionException: Could not get a resource from the pool]
[ERROR] 07-10 16:33:13:665 [main] JedisUtil.java:215: Redis Error->key[Local_Config_v6_LevF:/nba/FTXNBADataSystem/游戏配置文档\MainMatch.xlsx],stack[redis.clients.jedis.exceptions.JedisConnectionException: Could not get a resource from the pool]
[ERROR] 07-10 16:33:13:691 [main] JedisUtil.java:312: Redis Error->key[Local_Config_v6_WinConditionF:/nba/FTXNBADataSystem/游戏配置文档\MainMatch.xlsx],stack[redis.clients.jedis.exceptions.JedisConnectionException: Could not get a resource from the pool]
[ERROR] 07-10 16:33:13:773 [main] JedisUtil.java:215: Redis Error->key[Local_Config_v6_WinConditionF:/nba/FTXNBADataSystem/游戏配置文档\MainMatch.xlsx],stack[redis.clients.jedis.exceptions.JedisConnectionException: Could not get a resource from the pool]
[ERROR] 07-10 16:33:13:781 [main] JedisUtil.java:312: Redis Error->key[Local_Config_v6_MedalF:/nba/FTXNBADataSystem/游戏配置文档\MatchRanked.xlsx],stack[redis.clients.jedis.exceptions.JedisConnectionException: Could not get a resource from the pool]
[ERROR] 07-10 16:33:13:801 [main] JedisUtil.java:215: Redis Error->key[Local_Config_v6_MedalF:/nba/FTXNBADataSystem/游戏配置文档\MatchRanked.xlsx],stack[redis.clients.jedis.exceptions.JedisConnectionException: Could not get a resource from the pool]
[ERROR] 07-10 16:33:13:803 [main] JedisUtil.java:312: Redis Error->key[Local_Config_v6_TierF:/nba/FTXNBADataSystem/游戏配置文档\MatchRanked.xlsx],stack[redis.clients.jedis.exceptions.JedisConnectionException: Could not get a resource from the pool]
[ERROR] 07-10 16:33:13:823 [main] JedisUtil.java:215: Redis Error->key[Local_Config_v6_TierF:/nba/FTXNBADataSystem/游戏配置文档\MatchRanked.xlsx],stack[redis.clients.jedis.exceptions.JedisConnectionException: Could not get a resource from the pool]
[ERROR] 07-10 16:33:13:825 [main] JedisUtil.java:312: Redis Error->key[Local_Config_v6_SeasonF:/nba/FTXNBADataSystem/游戏配置文档\MatchRanked.xlsx],stack[redis.clients.jedis.exceptions.JedisConnectionException: Could not get a resource from the pool]
[ERROR] 07-10 16:33:13:846 [main] JedisUtil.java:215: Redis Error->key[Local_Config_v6_SeasonF:/nba/FTXNBADataSystem/游戏配置文档\MatchRanked.xlsx],stack[redis.clients.jedis.exceptions.JedisConnectionException: Could not get a resource from the pool]
[ERROR] 07-10 16:33:13:854 [main] JedisUtil.java:312: Redis Error->key[Local_Config_v6_FirstAwardF:/nba/FTXNBADataSystem/游戏配置文档\MatchRanked.xlsx],stack[redis.clients.jedis.exceptions.JedisConnectionException: Could not get a resource from the pool]
[ERROR] 07-10 16:33:13:870 [main] JedisUtil.java:215: Redis Error->key[Local_Config_v6_FirstAwardF:/nba/FTXNBADataSystem/游戏配置文档\MatchRanked.xlsx],stack[redis.clients.jedis.exceptions.JedisConnectionException: Could not get a resource from the pool]
[ERROR] 07-10 16:33:13:872 [main] JedisUtil.java:312: Redis Error->key[Local_Config_v6_RatingConvertF:/nba/FTXNBADataSystem/游戏配置文档\MatchRanked.xlsx],stack[redis.clients.jedis.exceptions.JedisConnectionException: Could not get a resource from the pool]
[ERROR] 07-10 16:33:13:972 [main] JedisUtil.java:215: Redis Error->key[Local_Config_v6_RatingConvertF:/nba/FTXNBADataSystem/游戏配置文档\MatchRanked.xlsx],stack[redis.clients.jedis.exceptions.JedisConnectionException: Could not get a resource from the pool]
[ERROR] 07-10 16:33:13:974 [main] JedisUtil.java:312: Redis Error->key[Local_Config_v6_WinningStreakF:/nba/FTXNBADataSystem/游戏配置文档\MatchRanked.xlsx],stack[redis.clients.jedis.exceptions.JedisConnectionException: Could not get a resource from the pool]
[ERROR] 07-10 16:33:13:989 [main] JedisUtil.java:215: Redis Error->key[Local_Config_v6_WinningStreakF:/nba/FTXNBADataSystem/游戏配置文档\MatchRanked.xlsx],stack[redis.clients.jedis.exceptions.JedisConnectionException: Could not get a resource from the pool]
[ERROR] 07-10 16:33:13:991 [main] JedisUtil.java:312: Redis Error->key[Local_Config_v6_CodeF:/nba/FTXNBADataSystem/游戏配置文档\CDKey.xlsx],stack[redis.clients.jedis.exceptions.JedisConnectionException: Could not get a resource from the pool]
[ERROR] 07-10 16:33:13:999 [main] JedisUtil.java:215: Redis Error->key[Local_Config_v6_CodeF:/nba/FTXNBADataSystem/游戏配置文档\CDKey.xlsx],stack[redis.clients.jedis.exceptions.JedisConnectionException: Could not get a resource from the pool]
[ERROR] 07-10 16:33:14:002 [main] JedisUtil.java:312: Redis Error->key[Local_Config_v6_PlayerShopF:/nba/FTXNBADataSystem/游戏配置文档\PlayerShop.xlsx],stack[redis.clients.jedis.exceptions.JedisConnectionException: Could not get a resource from the pool]
[ERROR] 07-10 16:33:14:008 [main] JedisUtil.java:215: Redis Error->key[Local_Config_v6_PlayerShopF:/nba/FTXNBADataSystem/游戏配置文档\PlayerShop.xlsx],stack[redis.clients.jedis.exceptions.JedisConnectionException: Could not get a resource from the pool]
[ERROR] 07-10 16:33:14:010 [main] JedisUtil.java:312: Redis Error->key[Local_Config_v6_guessF:/nba/FTXNBADataSystem/游戏配置文档\NBABattleGuess.xlsx],stack[redis.clients.jedis.exceptions.JedisConnectionException: Could not get a resource from the pool]
[ERROR] 07-10 16:33:14:025 [main] JedisUtil.java:215: Redis Error->key[Local_Config_v6_guessF:/nba/FTXNBADataSystem/游戏配置文档\NBABattleGuess.xlsx],stack[redis.clients.jedis.exceptions.JedisConnectionException: Could not get a resource from the pool]
[ERROR] 07-10 16:33:14:030 [main] JedisUtil.java:312: Redis Error->key[Local_Config_v6_AllStarF:/nba/FTXNBADataSystem/游戏配置文档\AllStar.xlsx],stack[redis.clients.jedis.exceptions.JedisConnectionException: Could not get a resource from the pool]
[ERROR] 07-10 16:33:14:042 [main] JedisUtil.java:215: Redis Error->key[Local_Config_v6_AllStarF:/nba/FTXNBADataSystem/游戏配置文档\AllStar.xlsx],stack[redis.clients.jedis.exceptions.JedisConnectionException: Could not get a resource from the pool]
[ERROR] 07-10 16:33:14:047 [main] JedisUtil.java:312: Redis Error->key[Local_Config_v6_NpcF:/nba/FTXNBADataSystem/游戏配置文档\AllStar.xlsx],stack[redis.clients.jedis.exceptions.JedisConnectionException: Could not get a resource from the pool]
[ERROR] 07-10 16:33:14:057 [main] JedisUtil.java:215: Redis Error->key[Local_Config_v6_NpcF:/nba/FTXNBADataSystem/游戏配置文档\AllStar.xlsx],stack[redis.clients.jedis.exceptions.JedisConnectionException: Could not get a resource from the pool]
[ERROR] 07-10 16:33:14:059 [main] JedisUtil.java:312: Redis Error->key[Local_Config_v6_AwardF:/nba/FTXNBADataSystem/游戏配置文档\AllStar.xlsx],stack[redis.clients.jedis.exceptions.JedisConnectionException: Could not get a resource from the pool]
[ERROR] 07-10 16:33:14:070 [main] JedisUtil.java:215: Redis Error->key[Local_Config_v6_AwardF:/nba/FTXNBADataSystem/游戏配置文档\AllStar.xlsx],stack[redis.clients.jedis.exceptions.JedisConnectionException: Could not get a resource from the pool]
[ERROR] 07-10 16:33:14:072 [main] JedisUtil.java:312: Redis Error->key[Local_Config_v6_GroupF:/nba/FTXNBADataSystem/游戏配置文档\AI.xlsx],stack[redis.clients.jedis.exceptions.JedisConnectionException: Could not get a resource from the pool]
[ERROR] 07-10 16:33:14:094 [main] JedisUtil.java:215: Redis Error->key[Local_Config_v6_GroupF:/nba/FTXNBADataSystem/游戏配置文档\AI.xlsx],stack[redis.clients.jedis.exceptions.JedisConnectionException: Could not get a resource from the pool]
[ERROR] 07-10 16:33:14:100 [main] JedisUtil.java:312: Redis Error->key[Local_Config_v6_CoachRuleF:/nba/FTXNBADataSystem/游戏配置文档\AI.xlsx],stack[redis.clients.jedis.exceptions.JedisConnectionException: Could not get a resource from the pool]
[ERROR] 07-10 16:33:14:124 [main] JedisUtil.java:215: Redis Error->key[Local_Config_v6_CoachRuleF:/nba/FTXNBADataSystem/游戏配置文档\AI.xlsx],stack[redis.clients.jedis.exceptions.JedisConnectionException: Could not get a resource from the pool]
[ERROR] 07-10 16:33:14:134 [main] JedisUtil.java:312: Redis Error->key[Local_Config_v6_CoachRespF:/nba/FTXNBADataSystem/游戏配置文档\AI.xlsx],stack[redis.clients.jedis.exceptions.JedisConnectionException: Could not get a resource from the pool]
[ERROR] 07-10 16:33:14:158 [main] JedisUtil.java:215: Redis Error->key[Local_Config_v6_CoachRespF:/nba/FTXNBADataSystem/游戏配置文档\AI.xlsx],stack[redis.clients.jedis.exceptions.JedisConnectionException: Could not get a resource from the pool]
[ERROR] 07-10 16:33:14:160 [main] JedisUtil.java:312: Redis Error->key[Local_Config_v6_TacticRuleF:/nba/FTXNBADataSystem/游戏配置文档\AI.xlsx],stack[redis.clients.jedis.exceptions.JedisConnectionException: Could not get a resource from the pool]
[ERROR] 07-10 16:33:14:186 [main] JedisUtil.java:215: Redis Error->key[Local_Config_v6_TacticRuleF:/nba/FTXNBADataSystem/游戏配置文档\AI.xlsx],stack[redis.clients.jedis.exceptions.JedisConnectionException: Could not get a resource from the pool]
[ERROR] 07-10 16:33:14:193 [main] JedisUtil.java:312: Redis Error->key[Local_Config_v6_TacticRespF:/nba/FTXNBADataSystem/游戏配置文档\AI.xlsx],stack[redis.clients.jedis.exceptions.JedisConnectionException: Could not get a resource from the pool]
[ERROR] 07-10 16:33:14:217 [main] JedisUtil.java:215: Redis Error->key[Local_Config_v6_TacticRespF:/nba/FTXNBADataSystem/游戏配置文档\AI.xlsx],stack[redis.clients.jedis.exceptions.JedisConnectionException: Could not get a resource from the pool]
[ERROR] 07-10 16:33:14:219 [main] JedisUtil.java:312: Redis Error->key[Local_Config_v6_SubstituteF:/nba/FTXNBADataSystem/游戏配置文档\AI.xlsx],stack[redis.clients.jedis.exceptions.JedisConnectionException: Could not get a resource from the pool]
[ERROR] 07-10 16:33:14:245 [main] JedisUtil.java:215: Redis Error->key[Local_Config_v6_SubstituteF:/nba/FTXNBADataSystem/游戏配置文档\AI.xlsx],stack[redis.clients.jedis.exceptions.JedisConnectionException: Could not get a resource from the pool]
[ERROR] 07-10 16:33:14:247 [main] JedisUtil.java:312: Redis Error->key[Local_Config_v6_SeasonF:/nba/FTXNBADataSystem/游戏配置文档\LeagueGroupWar.xlsx],stack[redis.clients.jedis.exceptions.JedisConnectionException: Could not get a resource from the pool]
[ERROR] 07-10 16:33:14:261 [main] JedisUtil.java:215: Redis Error->key[Local_Config_v6_SeasonF:/nba/FTXNBADataSystem/游戏配置文档\LeagueGroupWar.xlsx],stack[redis.clients.jedis.exceptions.JedisConnectionException: Could not get a resource from the pool]
[ERROR] 07-10 16:33:14:272 [main] JedisUtil.java:312: Redis Error->key[Local_Config_v6_TierF:/nba/FTXNBADataSystem/游戏配置文档\LeagueGroupWar.xlsx],stack[redis.clients.jedis.exceptions.JedisConnectionException: Could not get a resource from the pool]
[ERROR] 07-10 16:33:14:286 [main] JedisUtil.java:215: Redis Error->key[Local_Config_v6_TierF:/nba/FTXNBADataSystem/游戏配置文档\LeagueGroupWar.xlsx],stack[redis.clients.jedis.exceptions.JedisConnectionException: Could not get a resource from the pool]
[ERROR] 07-10 16:33:14:288 [main] JedisUtil.java:312: Redis Error->key[Local_Config_v6_WeekAwardF:/nba/FTXNBADataSystem/游戏配置文档\LeagueGroupWar.xlsx],stack[redis.clients.jedis.exceptions.JedisConnectionException: Could not get a resource from the pool]
[ERROR] 07-10 16:33:14:299 [main] JedisUtil.java:215: Redis Error->key[Local_Config_v6_WeekAwardF:/nba/FTXNBADataSystem/游戏配置文档\LeagueGroupWar.xlsx],stack[redis.clients.jedis.exceptions.JedisConnectionException: Could not get a resource from the pool]
[ERROR] 07-10 16:33:14:301 [main] JedisUtil.java:312: Redis Error->key[Local_Config_v6_ArenaF:/nba/FTXNBADataSystem/游戏配置文档\RankArena.xlsx],stack[redis.clients.jedis.exceptions.JedisConnectionException: Could not get a resource from the pool]
[ERROR] 07-10 16:33:14:354 [main] JedisUtil.java:215: Redis Error->key[Local_Config_v6_ArenaF:/nba/FTXNBADataSystem/游戏配置文档\RankArena.xlsx],stack[redis.clients.jedis.exceptions.JedisConnectionException: Could not get a resource from the pool]
[ERROR] 07-10 16:33:14:356 [main] JedisUtil.java:312: Redis Error->key[Local_Config_v6_NpcF:/nba/FTXNBADataSystem/游戏配置文档\RankArena.xlsx],stack[redis.clients.jedis.exceptions.JedisConnectionException: Could not get a resource from the pool]
[ERROR] 07-10 16:33:14:471 [main] JedisUtil.java:215: Redis Error->key[Local_Config_v6_NpcF:/nba/FTXNBADataSystem/游戏配置文档\RankArena.xlsx],stack[redis.clients.jedis.exceptions.JedisConnectionException: Could not get a resource from the pool]
[ERROR] 07-10 16:33:14:479 [main] JedisUtil.java:312: Redis Error->key[Local_Config_v6_LevelF:/nba/FTXNBADataSystem/游戏配置文档\Modules.xlsx],stack[redis.clients.jedis.exceptions.JedisConnectionException: Could not get a resource from the pool]
[ERROR] 07-10 16:33:14:491 [main] JedisUtil.java:215: Redis Error->key[Local_Config_v6_LevelF:/nba/FTXNBADataSystem/游戏配置文档\Modules.xlsx],stack[redis.clients.jedis.exceptions.JedisConnectionException: Could not get a resource from the pool]
[WARN ] 07-10 16:33:14:493 [main] CM.java:568: excel convert to bean done
[WARN ] 07-10 16:36:27:519 [main] CM.java:541: excel convert to bean..
[WARN ] 07-10 16:36:28:582 [main] ExcelRead.java:87: 配置数据出现空行 Equi_UpQuality row=10
[WARN ] 07-10 16:36:28:915 [main] ExcelRead.java:87: 配置数据出现空行 PlayerCollect_CardPlayerGradeCap row=41
[WARN ] 07-10 16:36:28:915 [main] ExcelRead.java:87: 配置数据出现空行 PlayerCollect_CardPlayerGradeCap row=42
[WARN ] 07-10 16:36:36:470 [main] ExcelRead.java:87: 配置数据出现空行 MainMatch_Div row=23
[WARN ] 07-10 16:36:36:470 [main] ExcelRead.java:87: 配置数据出现空行 MainMatch_Div row=24
[WARN ] 07-10 16:36:36:471 [main] ExcelRead.java:87: 配置数据出现空行 MainMatch_Div row=25
[WARN ] 07-10 16:36:37:354 [main] CM.java:568: excel convert to bean done
[WARN ] 07-10 16:47:57:277 [main] CM.java:541: excel convert to bean..
[WARN ] 07-10 16:47:58:529 [main] CM.java:568: excel convert to bean done
